[2016-04-16 10:56:56,976][DEBUG][org.jboss.logging] Logging Provider: org.jboss.logging.Log4jLoggerProvider
[2016-04-16 10:56:58,403][INFO][com.zaxxer.hikari.HikariDataSource] HikariPool-0 - is starting.
[2016-04-16 10:56:59,121][INFO][luminus.http-server] starting HTTP server on port 3000
[2016-04-16 10:56:59,221][INFO][org.xnio] XNIO version 3.4.0.Beta1
[2016-04-16 10:56:59,377][INFO][org.xnio.nio] XNIO NIO Implementation Version 3.4.0.Beta1
[2016-04-16 10:56:59,510][INFO][org.projectodd.wunderboss.web.Web] Registered web context /
[2016-04-16 10:56:59,522][INFO][luminus.repl-server] starting nREPL server on port 7000
[2016-04-16 10:56:59,555][INFO][dotted-line.core] #'dotted-line.config/env started
[2016-04-16 10:56:59,556][INFO][dotted-line.core] #'dotted-line.db.core/*db* started
[2016-04-16 10:56:59,557][INFO][dotted-line.core] #'dotted-line.core/http-server started
[2016-04-16 10:56:59,557][INFO][dotted-line.core] #'dotted-line.core/repl-server started
[2016-04-16 10:56:59,558][INFO][dotted-line.env] 
-=[dotted-line started successfully using the development profile]=-
[2016-04-16 10:57:22,027][INFO][luminus.repl-server] nREPL server stopped
[2016-04-16 10:57:22,034][DEBUG][org.projectodd.wunderboss.WunderBoss] Returning existing component for org.projectodd.wunderboss.web.Web:-1645144552, ignoring options.
[2016-04-16 10:57:22,057][INFO][luminus.http-server] HTTP server stopped
[2016-04-16 10:57:22,058][INFO][com.zaxxer.hikari.pool.HikariPool] HikariPool-0 - is closing down.
[2016-04-16 10:57:22,068][INFO][dotted-line.core] #'dotted-line.core/repl-server stopped
[2016-04-16 10:57:22,069][INFO][dotted-line.core] #'dotted-line.core/http-server stopped
[2016-04-16 10:57:22,069][INFO][dotted-line.core] #'dotted-line.db.core/*db* stopped
[2016-04-16 11:27:22,167][DEBUG][org.jboss.logging] Logging Provider: org.jboss.logging.Log4jLoggerProvider
[2016-04-16 11:27:23,898][INFO][com.zaxxer.hikari.HikariDataSource] HikariPool-0 - is starting.
[2016-04-16 11:27:24,583][INFO][luminus.http-server] starting HTTP server on port 3000
[2016-04-16 11:27:24,707][INFO][org.xnio] XNIO version 3.4.0.Beta1
[2016-04-16 11:27:24,910][INFO][org.xnio.nio] XNIO NIO Implementation Version 3.4.0.Beta1
[2016-04-16 11:27:25,101][INFO][org.projectodd.wunderboss.web.Web] Registered web context /
[2016-04-16 11:27:25,103][INFO][luminus.repl-server] starting nREPL server on port 7000
[2016-04-16 11:27:25,174][INFO][dotted-line.core] #'dotted-line.config/env started
[2016-04-16 11:27:25,182][INFO][dotted-line.core] #'dotted-line.db.core/*db* started
[2016-04-16 11:27:25,182][INFO][dotted-line.core] #'dotted-line.core/http-server started
[2016-04-16 11:27:25,183][INFO][dotted-line.core] #'dotted-line.core/repl-server started
[2016-04-16 11:27:25,184][INFO][dotted-line.env] 
-=[dotted-line started successfully using the development profile]=-
[2016-04-16 11:29:25,176][INFO][luminus.repl-server] nREPL server stopped
[2016-04-16 11:29:25,181][DEBUG][org.projectodd.wunderboss.WunderBoss] Returning existing component for org.projectodd.wunderboss.web.Web:-1645144552, ignoring options.
[2016-04-16 11:29:25,213][INFO][luminus.http-server] HTTP server stopped
[2016-04-16 11:29:25,214][INFO][com.zaxxer.hikari.pool.HikariPool] HikariPool-0 - is closing down.
[2016-04-16 11:29:25,220][INFO][dotted-line.core] #'dotted-line.core/repl-server stopped
[2016-04-16 11:29:25,221][INFO][dotted-line.core] #'dotted-line.core/http-server stopped
[2016-04-16 11:29:25,221][INFO][dotted-line.core] #'dotted-line.db.core/*db* stopped
[2016-04-16 11:35:07,396][DEBUG][org.jboss.logging] Logging Provider: org.jboss.logging.Log4jLoggerProvider
[2016-04-16 11:35:08,910][INFO][com.zaxxer.hikari.HikariDataSource] HikariPool-0 - is starting.
[2016-04-16 11:35:09,785][INFO][luminus.http-server] starting HTTP server on port 3000
[2016-04-16 11:35:10,066][INFO][org.xnio] XNIO version 3.4.0.Beta1
[2016-04-16 11:35:10,675][INFO][org.xnio.nio] XNIO NIO Implementation Version 3.4.0.Beta1
[2016-04-16 11:35:11,202][INFO][org.projectodd.wunderboss.web.Web] Registered web context /
[2016-04-16 11:35:11,205][INFO][luminus.repl-server] starting nREPL server on port 7000
[2016-04-16 11:35:11,247][INFO][dotted-line.core] #'dotted-line.config/env started
[2016-04-16 11:35:11,247][INFO][dotted-line.core] #'dotted-line.db.core/*db* started
[2016-04-16 11:35:11,247][INFO][dotted-line.core] #'dotted-line.core/http-server started
[2016-04-16 11:35:11,247][INFO][dotted-line.core] #'dotted-line.core/repl-server started
[2016-04-16 11:35:11,249][INFO][dotted-line.env] 
-=[dotted-line started successfully using the development profile]=-
[2016-04-16 11:41:43,954][INFO][com.zaxxer.hikari.pool.HikariPool] HikariPool-0 - is closing down.
[2016-04-16 11:41:43,984][INFO][dotted-line.core] #'dotted-line.db.core/*db* stopped
[2016-04-16 11:42:38,217][DEBUG][org.jboss.logging] Logging Provider: org.jboss.logging.Log4jLoggerProvider
[2016-04-16 11:42:39,651][INFO][com.zaxxer.hikari.HikariDataSource] HikariPool-0 - is starting.
[2016-04-16 11:42:40,547][INFO][luminus.http-server] starting HTTP server on port 3000
[2016-04-16 11:42:40,645][INFO][org.xnio] XNIO version 3.4.0.Beta1
[2016-04-16 11:42:40,810][INFO][org.xnio.nio] XNIO NIO Implementation Version 3.4.0.Beta1
[2016-04-16 11:42:40,993][INFO][org.projectodd.wunderboss.web.Web] Registered web context /
[2016-04-16 11:42:40,998][INFO][luminus.repl-server] starting nREPL server on port 7000
[2016-04-16 11:42:41,049][INFO][dotted-line.core] #'dotted-line.config/env started
[2016-04-16 11:42:41,050][INFO][dotted-line.core] #'dotted-line.db.core/*db* started
[2016-04-16 11:42:41,050][INFO][dotted-line.core] #'dotted-line.core/http-server started
[2016-04-16 11:42:41,050][INFO][dotted-line.core] #'dotted-line.core/repl-server started
[2016-04-16 11:42:41,051][INFO][dotted-line.env] 
-=[dotted-line started successfully using the development profile]=-
[2016-04-16 11:55:10,274][INFO][com.zaxxer.hikari.pool.HikariPool] HikariPool-0 - is closing down.
[2016-04-16 11:55:10,286][INFO][dotted-line.core] #'dotted-line.db.core/*db* stopped
[2016-04-16 14:49:43,383][DEBUG][org.jboss.logging] Logging Provider: org.jboss.logging.Log4jLoggerProvider
[2016-04-16 14:59:53,074][DEBUG][org.jboss.logging] Logging Provider: org.jboss.logging.Log4jLoggerProvider
[2016-04-16 14:59:54,341][INFO][com.zaxxer.hikari.HikariDataSource] HikariPool-0 - is starting.
[2016-04-16 14:59:55,178][INFO][luminus.http-server] starting HTTP server on port 3000
[2016-04-16 14:59:55,335][INFO][org.xnio] XNIO version 3.4.0.Beta1
[2016-04-16 14:59:55,632][INFO][org.xnio.nio] XNIO NIO Implementation Version 3.4.0.Beta1
[2016-04-16 14:59:55,858][INFO][org.projectodd.wunderboss.web.Web] Registered web context /
[2016-04-16 14:59:55,868][INFO][luminus.repl-server] starting nREPL server on port 7000
[2016-04-16 14:59:55,899][INFO][dotted-line.core] #'dotted-line.config/env started
[2016-04-16 14:59:55,899][INFO][dotted-line.core] #'dotted-line.db.core/*db* started
[2016-04-16 14:59:55,899][INFO][dotted-line.core] #'dotted-line.core/http-server started
[2016-04-16 14:59:55,899][INFO][dotted-line.core] #'dotted-line.core/repl-server started
[2016-04-16 14:59:55,900][INFO][dotted-line.env] 
-=[dotted-line started successfully using the development profile]=-
[2016-04-16 15:00:54,293][INFO][luminus.repl-server] nREPL server stopped
[2016-04-16 15:00:54,298][DEBUG][org.projectodd.wunderboss.WunderBoss] Returning existing component for org.projectodd.wunderboss.web.Web:-1645144552, ignoring options.
[2016-04-16 15:00:54,339][INFO][luminus.http-server] HTTP server stopped
[2016-04-16 15:00:54,340][INFO][com.zaxxer.hikari.pool.HikariPool] HikariPool-0 - is closing down.
[2016-04-16 15:00:54,357][INFO][dotted-line.core] #'dotted-line.core/repl-server stopped
[2016-04-16 15:00:54,358][INFO][dotted-line.core] #'dotted-line.core/http-server stopped
[2016-04-16 15:00:54,358][INFO][dotted-line.core] #'dotted-line.db.core/*db* stopped
[2016-04-16 15:19:10,394][DEBUG][org.jboss.logging] Logging Provider: org.jboss.logging.Log4jLoggerProvider
[2016-04-16 15:19:11,702][INFO][com.zaxxer.hikari.HikariDataSource] HikariPool-0 - is starting.
[2016-04-16 15:19:12,298][INFO][luminus.http-server] starting HTTP server on port 3000
[2016-04-16 15:19:12,379][INFO][org.xnio] XNIO version 3.4.0.Beta1
[2016-04-16 15:19:12,494][INFO][org.xnio.nio] XNIO NIO Implementation Version 3.4.0.Beta1
[2016-04-16 15:19:12,612][INFO][org.projectodd.wunderboss.web.Web] Registered web context /
[2016-04-16 15:19:12,614][INFO][luminus.repl-server] starting nREPL server on port 7000
[2016-04-16 15:19:12,647][INFO][dotted-line.core] #'dotted-line.config/env started
[2016-04-16 15:19:12,647][INFO][dotted-line.core] #'dotted-line.db.core/*db* started
[2016-04-16 15:19:12,648][INFO][dotted-line.core] #'dotted-line.core/http-server started
[2016-04-16 15:19:12,649][INFO][dotted-line.core] #'dotted-line.core/repl-server started
[2016-04-16 15:19:12,657][INFO][dotted-line.env] 
-=[dotted-line started successfully using the development profile]=-
[2016-04-16 15:25:14,770][INFO][luminus.repl-server] nREPL server stopped
[2016-04-16 15:25:14,777][DEBUG][org.projectodd.wunderboss.WunderBoss] Returning existing component for org.projectodd.wunderboss.web.Web:-1645144552, ignoring options.
[2016-04-16 15:25:14,796][INFO][luminus.http-server] HTTP server stopped
[2016-04-16 15:25:14,798][INFO][com.zaxxer.hikari.pool.HikariPool] HikariPool-0 - is closing down.
[2016-04-16 15:25:14,807][INFO][dotted-line.core] #'dotted-line.core/repl-server stopped
[2016-04-16 15:25:14,808][INFO][dotted-line.core] #'dotted-line.core/http-server stopped
[2016-04-16 15:25:14,808][INFO][dotted-line.core] #'dotted-line.db.core/*db* stopped
[2016-04-18 09:59:20,300][DEBUG][org.jboss.logging] Logging Provider: org.jboss.logging.Log4jLoggerProvider
[2016-04-19 13:45:54,682][DEBUG][org.jboss.logging] Logging Provider: org.jboss.logging.Log4jLoggerProvider
[2016-04-19 13:47:17,080][DEBUG][org.jboss.logging] Logging Provider: org.jboss.logging.Log4jLoggerProvider
[2016-04-19 13:47:18,692][INFO][com.zaxxer.hikari.HikariDataSource] HikariPool-0 - is starting.
[2016-04-19 13:47:19,856][INFO][luminus.http-server] starting HTTP server on port 3000
[2016-04-19 13:47:20,090][INFO][org.xnio] XNIO version 3.4.0.Beta1
[2016-04-19 13:47:20,550][INFO][org.xnio.nio] XNIO NIO Implementation Version 3.4.0.Beta1
[2016-04-19 13:47:20,788][INFO][org.projectodd.wunderboss.web.Web] Registered web context /
[2016-04-19 13:47:20,799][INFO][luminus.repl-server] starting nREPL server on port 7000
[2016-04-19 13:47:20,838][INFO][dotted-line.core] #'dotted-line.config/env started
[2016-04-19 13:47:20,838][INFO][dotted-line.core] #'dotted-line.db.core/*db* started
[2016-04-19 13:47:20,839][INFO][dotted-line.core] #'dotted-line.core/http-server started
[2016-04-19 13:47:20,840][INFO][dotted-line.core] #'dotted-line.core/repl-server started
[2016-04-19 13:47:20,842][INFO][dotted-line.env] 
-=[dotted-line started successfully using the development profile]=-
[2016-04-19 14:11:04,532][INFO][luminus.repl-server] nREPL server stopped
[2016-04-19 14:11:04,582][DEBUG][org.projectodd.wunderboss.WunderBoss] Returning existing component for org.projectodd.wunderboss.web.Web:-1645144552, ignoring options.
[2016-04-19 14:11:04,784][INFO][luminus.http-server] HTTP server stopped
[2016-04-19 14:11:04,791][INFO][com.zaxxer.hikari.pool.HikariPool] HikariPool-0 - is closing down.
[2016-04-19 14:11:04,816][INFO][dotted-line.core] #'dotted-line.core/repl-server stopped
[2016-04-19 14:11:04,817][INFO][dotted-line.core] #'dotted-line.core/http-server stopped
[2016-04-19 14:11:04,817][INFO][dotted-line.core] #'dotted-line.db.core/*db* stopped
[2016-04-19 14:14:25,871][DEBUG][org.jboss.logging] Logging Provider: org.jboss.logging.Log4jLoggerProvider
[2016-04-19 14:14:27,974][INFO][com.zaxxer.hikari.HikariDataSource] HikariPool-0 - is starting.
[2016-04-19 14:14:29,886][INFO][luminus.http-server] starting HTTP server on port 3000
[2016-04-19 14:14:30,200][INFO][org.xnio] XNIO version 3.4.0.Beta1
[2016-04-19 14:14:30,670][INFO][org.xnio.nio] XNIO NIO Implementation Version 3.4.0.Beta1
[2016-04-19 14:14:31,037][INFO][org.projectodd.wunderboss.web.Web] Registered web context /
[2016-04-19 14:14:31,049][INFO][luminus.repl-server] starting nREPL server on port 7000
[2016-04-19 14:14:31,121][INFO][dotted-line.core] #'dotted-line.config/env started
[2016-04-19 14:14:31,121][INFO][dotted-line.core] #'dotted-line.db.core/*db* started
[2016-04-19 14:14:31,121][INFO][dotted-line.core] #'dotted-line.core/http-server started
[2016-04-19 14:14:31,121][INFO][dotted-line.core] #'dotted-line.core/repl-server started
[2016-04-19 14:14:31,122][INFO][dotted-line.env] 
-=[dotted-line started successfully using the development profile]=-
[2016-04-19 14:37:45,513][INFO][com.zaxxer.hikari.pool.HikariPool] HikariPool-0 - is closing down.
[2016-04-19 14:37:45,663][INFO][dotted-line.core] #'dotted-line.db.core/*db* stopped
[2016-04-19 14:38:44,572][DEBUG][org.jboss.logging] Logging Provider: org.jboss.logging.Log4jLoggerProvider
[2016-04-19 14:38:46,420][INFO][com.zaxxer.hikari.HikariDataSource] HikariPool-0 - is starting.
[2016-04-19 14:38:47,724][INFO][luminus.http-server] starting HTTP server on port 3000
[2016-04-19 14:38:47,917][INFO][org.xnio] XNIO version 3.4.0.Beta1
[2016-04-19 14:38:48,510][INFO][org.xnio.nio] XNIO NIO Implementation Version 3.4.0.Beta1
[2016-04-19 14:38:49,046][INFO][org.projectodd.wunderboss.web.Web] Registered web context /
[2016-04-19 14:38:49,066][INFO][luminus.repl-server] starting nREPL server on port 7000
[2016-04-19 14:38:49,165][INFO][dotted-line.core] #'dotted-line.config/env started
[2016-04-19 14:38:49,165][INFO][dotted-line.core] #'dotted-line.db.core/*db* started
[2016-04-19 14:38:49,166][INFO][dotted-line.core] #'dotted-line.core/http-server started
[2016-04-19 14:38:49,166][INFO][dotted-line.core] #'dotted-line.core/repl-server started
[2016-04-19 14:38:49,167][INFO][dotted-line.env] 
-=[dotted-line started successfully using the development profile]=-
[2016-04-19 14:50:14,074][INFO][luminus.repl-server] nREPL server stopped
[2016-04-19 14:50:14,077][DEBUG][org.projectodd.wunderboss.WunderBoss] Returning existing component for org.projectodd.wunderboss.web.Web:-1645144552, ignoring options.
[2016-04-19 14:50:14,090][INFO][luminus.http-server] HTTP server stopped
[2016-04-19 14:50:14,092][INFO][com.zaxxer.hikari.pool.HikariPool] HikariPool-0 - is closing down.
[2016-04-19 14:50:14,098][INFO][dotted-line.core] #'dotted-line.core/repl-server stopped
[2016-04-19 14:50:14,099][INFO][dotted-line.core] #'dotted-line.core/http-server stopped
[2016-04-19 14:50:14,099][INFO][dotted-line.core] #'dotted-line.db.core/*db* stopped
[2016-04-19 14:53:07,717][DEBUG][org.jboss.logging] Logging Provider: org.jboss.logging.Log4jLoggerProvider
[2016-04-19 14:53:10,306][INFO][com.zaxxer.hikari.HikariDataSource] HikariPool-0 - is starting.
[2016-04-19 14:53:11,485][INFO][luminus.http-server] starting HTTP server on port 3000
[2016-04-19 14:53:11,718][INFO][org.xnio] XNIO version 3.4.0.Beta1
[2016-04-19 14:53:12,057][INFO][org.xnio.nio] XNIO NIO Implementation Version 3.4.0.Beta1
[2016-04-19 14:53:12,388][INFO][org.projectodd.wunderboss.web.Web] Registered web context /
[2016-04-19 14:53:12,398][INFO][luminus.repl-server] starting nREPL server on port 7000
[2016-04-19 14:53:12,468][INFO][dotted-line.core] #'dotted-line.config/env started
[2016-04-19 14:53:12,468][INFO][dotted-line.core] #'dotted-line.db.core/*db* started
[2016-04-19 14:53:12,468][INFO][dotted-line.core] #'dotted-line.core/http-server started
[2016-04-19 14:53:12,469][INFO][dotted-line.core] #'dotted-line.core/repl-server started
[2016-04-19 14:53:12,470][INFO][dotted-line.env] 
-=[dotted-line started successfully using the development profile]=-
[2016-04-19 14:57:47,629][INFO][luminus.repl-server] nREPL server stopped
[2016-04-19 14:57:47,635][DEBUG][org.projectodd.wunderboss.WunderBoss] Returning existing component for org.projectodd.wunderboss.web.Web:-1645144552, ignoring options.
[2016-04-19 14:57:47,677][INFO][luminus.http-server] HTTP server stopped
[2016-04-19 14:57:47,678][INFO][com.zaxxer.hikari.pool.HikariPool] HikariPool-0 - is closing down.
[2016-04-19 14:57:47,687][INFO][dotted-line.core] #'dotted-line.core/repl-server stopped
[2016-04-19 14:57:47,687][INFO][dotted-line.core] #'dotted-line.core/http-server stopped
[2016-04-19 14:57:47,688][INFO][dotted-line.core] #'dotted-line.db.core/*db* stopped
[2016-04-19 14:59:15,725][DEBUG][org.jboss.logging] Logging Provider: org.jboss.logging.Log4jLoggerProvider
[2016-04-19 14:59:17,647][INFO][com.zaxxer.hikari.HikariDataSource] HikariPool-0 - is starting.
[2016-04-19 14:59:18,756][INFO][luminus.http-server] starting HTTP server on port 3000
[2016-04-19 14:59:18,921][INFO][org.xnio] XNIO version 3.4.0.Beta1
[2016-04-19 14:59:19,294][INFO][org.xnio.nio] XNIO NIO Implementation Version 3.4.0.Beta1
[2016-04-19 14:59:19,565][INFO][org.projectodd.wunderboss.web.Web] Registered web context /
[2016-04-19 14:59:19,569][INFO][luminus.repl-server] starting nREPL server on port 7000
[2016-04-19 14:59:19,609][INFO][dotted-line.core] #'dotted-line.config/env started
[2016-04-19 14:59:19,610][INFO][dotted-line.core] #'dotted-line.db.core/*db* started
[2016-04-19 14:59:19,610][INFO][dotted-line.core] #'dotted-line.core/http-server started
[2016-04-19 14:59:19,610][INFO][dotted-line.core] #'dotted-line.core/repl-server started
[2016-04-19 14:59:19,612][INFO][dotted-line.env] 
-=[dotted-line started successfully using the development profile]=-
[2016-04-19 15:12:32,556][INFO][com.zaxxer.hikari.pool.HikariPool] HikariPool-0 - is closing down.
[2016-04-19 15:12:32,570][INFO][dotted-line.core] #'dotted-line.db.core/*db* stopped
[2016-04-19 15:13:14,900][DEBUG][org.jboss.logging] Logging Provider: org.jboss.logging.Log4jLoggerProvider
[2016-04-19 15:13:16,308][INFO][com.zaxxer.hikari.HikariDataSource] HikariPool-0 - is starting.
[2016-04-19 15:13:17,244][INFO][luminus.http-server] starting HTTP server on port 3000
[2016-04-19 15:13:17,384][INFO][org.xnio] XNIO version 3.4.0.Beta1
[2016-04-19 15:13:17,673][INFO][org.xnio.nio] XNIO NIO Implementation Version 3.4.0.Beta1
[2016-04-19 15:13:17,916][INFO][org.projectodd.wunderboss.web.Web] Registered web context /
[2016-04-19 15:13:17,926][INFO][luminus.repl-server] starting nREPL server on port 7000
[2016-04-19 15:13:17,965][INFO][dotted-line.core] #'dotted-line.config/env started
[2016-04-19 15:13:17,967][INFO][dotted-line.core] #'dotted-line.db.core/*db* started
[2016-04-19 15:13:17,967][INFO][dotted-line.core] #'dotted-line.core/http-server started
[2016-04-19 15:13:17,968][INFO][dotted-line.core] #'dotted-line.core/repl-server started
[2016-04-19 15:13:17,969][INFO][dotted-line.env] 
-=[dotted-line started successfully using the development profile]=-
[2016-04-19 15:18:04,821][INFO][luminus.repl-server] nREPL server stopped
[2016-04-19 15:18:04,828][DEBUG][org.projectodd.wunderboss.WunderBoss] Returning existing component for org.projectodd.wunderboss.web.Web:-1645144552, ignoring options.
[2016-04-19 15:18:04,842][INFO][luminus.http-server] HTTP server stopped
[2016-04-19 15:18:04,843][INFO][com.zaxxer.hikari.pool.HikariPool] HikariPool-0 - is closing down.
[2016-04-19 15:18:04,849][INFO][dotted-line.core] #'dotted-line.core/repl-server stopped
[2016-04-19 15:18:04,850][INFO][dotted-line.core] #'dotted-line.core/http-server stopped
[2016-04-19 15:18:04,850][INFO][dotted-line.core] #'dotted-line.db.core/*db* stopped
[2016-04-19 16:46:15,001][DEBUG][org.jboss.logging] Logging Provider: org.jboss.logging.Log4jLoggerProvider
[2016-04-19 16:46:16,525][INFO][com.zaxxer.hikari.HikariDataSource] HikariPool-0 - is starting.
[2016-04-19 16:46:17,300][INFO][luminus.http-server] starting HTTP server on port 3000
[2016-04-19 16:46:17,386][INFO][org.xnio] XNIO version 3.4.0.Beta1
[2016-04-19 16:46:17,506][INFO][org.xnio.nio] XNIO NIO Implementation Version 3.4.0.Beta1
[2016-04-19 16:46:17,622][INFO][org.projectodd.wunderboss.web.Web] Registered web context /
[2016-04-19 16:46:17,634][INFO][luminus.repl-server] starting nREPL server on port 7000
[2016-04-19 16:46:17,670][INFO][dotted-line.core] #'dotted-line.config/env started
[2016-04-19 16:46:17,671][INFO][dotted-line.core] #'dotted-line.db.core/*db* started
[2016-04-19 16:46:17,672][INFO][dotted-line.core] #'dotted-line.core/http-server started
[2016-04-19 16:46:17,672][INFO][dotted-line.core] #'dotted-line.core/repl-server started
[2016-04-19 16:46:17,674][INFO][dotted-line.env] 
-=[dotted-line started successfully using the development profile]=-
[2016-04-19 16:48:49,890][INFO][luminus.repl-server] nREPL server stopped
[2016-04-19 16:48:49,893][DEBUG][org.projectodd.wunderboss.WunderBoss] Returning existing component for org.projectodd.wunderboss.web.Web:-1645144552, ignoring options.
[2016-04-19 16:48:49,912][INFO][luminus.http-server] HTTP server stopped
[2016-04-19 16:48:49,914][INFO][com.zaxxer.hikari.pool.HikariPool] HikariPool-0 - is closing down.
[2016-04-19 16:48:49,920][INFO][dotted-line.core] #'dotted-line.core/repl-server stopped
[2016-04-19 16:48:49,921][INFO][dotted-line.core] #'dotted-line.core/http-server stopped
[2016-04-19 16:48:49,921][INFO][dotted-line.core] #'dotted-line.db.core/*db* stopped
[2016-04-21 11:47:16,181][DEBUG][org.jboss.logging] Logging Provider: org.jboss.logging.Log4jLoggerProvider
[2016-04-21 11:47:17,574][INFO][com.zaxxer.hikari.HikariDataSource] HikariPool-0 - is starting.
[2016-04-21 11:47:18,602][INFO][luminus.http-server] starting HTTP server on port 3000
[2016-04-21 11:47:18,788][INFO][org.xnio] XNIO version 3.4.0.Beta1
[2016-04-21 11:47:19,137][INFO][org.xnio.nio] XNIO NIO Implementation Version 3.4.0.Beta1
[2016-04-21 11:47:19,366][INFO][org.projectodd.wunderboss.web.Web] Registered web context /
[2016-04-21 11:47:19,369][INFO][luminus.repl-server] starting nREPL server on port 7000
[2016-04-21 11:47:19,408][INFO][dotted-line.core] #'dotted-line.config/env started
[2016-04-21 11:47:19,408][INFO][dotted-line.core] #'dotted-line.db.core/*db* started
[2016-04-21 11:47:19,408][INFO][dotted-line.core] #'dotted-line.core/http-server started
[2016-04-21 11:47:19,409][INFO][dotted-line.core] #'dotted-line.core/repl-server started
[2016-04-21 11:47:19,410][INFO][dotted-line.env] 
-=[dotted-line started successfully using the development profile]=-
[2016-04-21 12:03:16,848][INFO][com.zaxxer.hikari.pool.HikariPool] HikariPool-0 - is closing down.
[2016-04-21 12:03:16,861][INFO][dotted-line.core] #'dotted-line.db.core/*db* stopped
[2016-04-21 12:03:48,040][DEBUG][org.jboss.logging] Logging Provider: org.jboss.logging.Log4jLoggerProvider
[2016-04-21 12:03:49,639][INFO][com.zaxxer.hikari.HikariDataSource] HikariPool-0 - is starting.
[2016-04-21 12:03:50,411][INFO][luminus.http-server] starting HTTP server on port 3000
[2016-04-21 12:03:50,515][INFO][org.xnio] XNIO version 3.4.0.Beta1
[2016-04-21 12:03:50,687][INFO][org.xnio.nio] XNIO NIO Implementation Version 3.4.0.Beta1
[2016-04-21 12:03:50,835][INFO][org.projectodd.wunderboss.web.Web] Registered web context /
[2016-04-21 12:03:50,846][INFO][luminus.repl-server] starting nREPL server on port 7000
[2016-04-21 12:03:50,877][INFO][dotted-line.core] #'dotted-line.config/env started
[2016-04-21 12:03:50,877][INFO][dotted-line.core] #'dotted-line.db.core/*db* started
[2016-04-21 12:03:50,877][INFO][dotted-line.core] #'dotted-line.core/http-server started
[2016-04-21 12:03:50,878][INFO][dotted-line.core] #'dotted-line.core/repl-server started
[2016-04-21 12:03:50,878][INFO][dotted-line.env] 
-=[dotted-line started successfully using the development profile]=-
[2016-04-21 12:07:44,214][INFO][com.zaxxer.hikari.pool.HikariPool] HikariPool-0 - is closing down.
[2016-04-21 12:07:44,226][INFO][dotted-line.core] #'dotted-line.db.core/*db* stopped
[2016-04-21 12:44:40,330][DEBUG][org.jboss.logging] Logging Provider: org.jboss.logging.Log4jLoggerProvider
[2016-04-21 12:44:41,748][INFO][com.zaxxer.hikari.HikariDataSource] HikariPool-0 - is starting.
[2016-04-21 12:44:42,358][INFO][luminus.http-server] starting HTTP server on port 3000
[2016-04-21 12:44:42,447][INFO][org.xnio] XNIO version 3.4.0.Beta1
[2016-04-21 12:44:42,605][INFO][org.xnio.nio] XNIO NIO Implementation Version 3.4.0.Beta1
[2016-04-21 12:44:42,747][INFO][org.projectodd.wunderboss.web.Web] Registered web context /
[2016-04-21 12:44:42,749][INFO][luminus.repl-server] starting nREPL server on port 7000
[2016-04-21 12:44:42,783][INFO][dotted-line.core] #'dotted-line.config/env started
[2016-04-21 12:44:42,783][INFO][dotted-line.core] #'dotted-line.db.core/*db* started
[2016-04-21 12:44:42,783][INFO][dotted-line.core] #'dotted-line.core/http-server started
[2016-04-21 12:44:42,783][INFO][dotted-line.core] #'dotted-line.core/repl-server started
[2016-04-21 12:44:42,784][INFO][dotted-line.env] 
-=[dotted-line started successfully using the development profile]=-
[2016-04-21 13:08:39,121][INFO][luminus.repl-server] nREPL server stopped
[2016-04-21 13:08:39,130][DEBUG][org.projectodd.wunderboss.WunderBoss] Returning existing component for org.projectodd.wunderboss.web.Web:-1645144552, ignoring options.
[2016-04-21 13:08:39,147][INFO][luminus.http-server] HTTP server stopped
[2016-04-21 13:08:39,149][INFO][com.zaxxer.hikari.pool.HikariPool] HikariPool-0 - is closing down.
[2016-04-21 13:08:39,159][INFO][dotted-line.core] #'dotted-line.core/repl-server stopped
[2016-04-21 13:08:39,160][INFO][dotted-line.core] #'dotted-line.core/http-server stopped
[2016-04-21 13:08:39,160][INFO][dotted-line.core] #'dotted-line.db.core/*db* stopped
[2016-04-23 19:01:03,582][DEBUG][org.jboss.logging] Logging Provider: org.jboss.logging.Log4jLoggerProvider
[2016-04-28 09:59:14,615][DEBUG][org.jboss.logging] Logging Provider: org.jboss.logging.Log4jLoggerProvider
[2016-04-28 09:59:16,378][INFO][com.zaxxer.hikari.HikariDataSource] HikariPool-0 - is starting.
[2016-04-28 09:59:17,496][INFO][luminus.http-server] starting HTTP server on port 3000
[2016-04-28 09:59:17,674][INFO][org.xnio] XNIO version 3.4.0.Beta1
[2016-04-28 09:59:18,079][INFO][org.xnio.nio] XNIO NIO Implementation Version 3.4.0.Beta1
[2016-04-28 09:59:18,375][INFO][org.projectodd.wunderboss.web.Web] Registered web context /
[2016-04-28 09:59:18,384][INFO][luminus.repl-server] starting nREPL server on port 7000
[2016-04-28 09:59:18,421][INFO][dotted-line.core] #'dotted-line.config/env started
[2016-04-28 09:59:18,423][INFO][dotted-line.core] #'dotted-line.db.core/*db* started
[2016-04-28 09:59:18,423][INFO][dotted-line.core] #'dotted-line.core/http-server started
[2016-04-28 09:59:18,424][INFO][dotted-line.core] #'dotted-line.core/repl-server started
[2016-04-28 09:59:18,425][INFO][dotted-line.env] 
-=[dotted-line started successfully using the development profile]=-
[2016-04-28 10:06:29,062][DEBUG][org.jboss.logging] Logging Provider: org.jboss.logging.Log4jLoggerProvider
[2016-04-28 11:23:57,507][INFO][luminus.repl-server] nREPL server stopped
[2016-04-28 11:23:57,695][DEBUG][org.projectodd.wunderboss.WunderBoss] Returning existing component for org.projectodd.wunderboss.web.Web:-1645144552, ignoring options.
[2016-04-28 11:23:57,742][INFO][luminus.http-server] HTTP server stopped
[2016-04-28 11:23:57,748][INFO][com.zaxxer.hikari.pool.HikariPool] HikariPool-0 - is closing down.
[2016-04-28 11:23:57,753][INFO][dotted-line.core] #'dotted-line.core/repl-server stopped
[2016-04-28 11:23:57,754][INFO][dotted-line.core] #'dotted-line.core/http-server stopped
[2016-04-28 11:23:57,754][INFO][dotted-line.core] #'dotted-line.db.core/*db* stopped
[2016-04-28 11:48:21,239][DEBUG][org.jboss.logging] Logging Provider: org.jboss.logging.Log4jLoggerProvider
[2016-04-28 11:48:42,439][DEBUG][org.jboss.logging] Logging Provider: org.jboss.logging.Log4jLoggerProvider
[2016-04-28 11:48:45,506][INFO][com.zaxxer.hikari.HikariDataSource] HikariPool-0 - is starting.
[2016-04-28 11:48:46,926][INFO][luminus.http-server] starting HTTP server on port 3000
[2016-04-28 11:48:47,192][INFO][org.xnio] XNIO version 3.4.0.Beta1
[2016-04-28 11:48:47,624][INFO][org.xnio.nio] XNIO NIO Implementation Version 3.4.0.Beta1
[2016-04-28 11:48:48,062][INFO][org.projectodd.wunderboss.web.Web] Registered web context /
[2016-04-28 11:48:48,069][INFO][luminus.repl-server] starting nREPL server on port 7000
[2016-04-28 11:48:48,176][INFO][dotted-line.core] #'dotted-line.config/env started
[2016-04-28 11:48:48,176][INFO][dotted-line.core] #'dotted-line.db.core/*db* started
[2016-04-28 11:48:48,179][INFO][dotted-line.core] #'dotted-line.core/http-server started
[2016-04-28 11:48:48,181][INFO][dotted-line.core] #'dotted-line.core/repl-server started
[2016-04-28 11:48:48,182][INFO][dotted-line.env] 
-=[dotted-line started successfully using the development profile]=-
[2016-04-28 12:06:58,791][INFO][luminus.repl-server] nREPL server stopped
[2016-04-28 12:06:58,794][DEBUG][org.projectodd.wunderboss.WunderBoss] Returning existing component for org.projectodd.wunderboss.web.Web:-1645144552, ignoring options.
[2016-04-28 12:06:58,820][INFO][luminus.http-server] HTTP server stopped
[2016-04-28 12:06:58,822][INFO][com.zaxxer.hikari.pool.HikariPool] HikariPool-0 - is closing down.
[2016-04-28 12:06:58,836][INFO][dotted-line.core] #'dotted-line.core/repl-server stopped
[2016-04-28 12:06:58,837][INFO][dotted-line.core] #'dotted-line.core/http-server stopped
[2016-04-28 12:06:58,837][INFO][dotted-line.core] #'dotted-line.db.core/*db* stopped
[2016-04-28 12:17:55,498][DEBUG][org.jboss.logging] Logging Provider: org.jboss.logging.Log4jLoggerProvider
[2016-04-28 12:17:57,224][INFO][com.zaxxer.hikari.HikariDataSource] HikariPool-0 - is starting.
[2016-04-28 12:17:58,378][INFO][luminus.http-server] starting HTTP server on port 3000
[2016-04-28 12:17:58,567][INFO][org.xnio] XNIO version 3.4.0.Beta1
[2016-04-28 12:17:58,849][INFO][org.xnio.nio] XNIO NIO Implementation Version 3.4.0.Beta1
[2016-04-28 12:17:59,024][INFO][org.projectodd.wunderboss.web.Web] Registered web context /
[2016-04-28 12:17:59,034][INFO][luminus.repl-server] starting nREPL server on port 7000
[2016-04-28 12:17:59,070][INFO][dotted-line.core] #'dotted-line.config/env started
[2016-04-28 12:17:59,071][INFO][dotted-line.core] #'dotted-line.db.core/*db* started
[2016-04-28 12:17:59,071][INFO][dotted-line.core] #'dotted-line.core/http-server started
[2016-04-28 12:17:59,071][INFO][dotted-line.core] #'dotted-line.core/repl-server started
[2016-04-28 12:17:59,073][INFO][dotted-line.env] 
-=[dotted-line started successfully using the development profile]=-
[2016-04-28 12:46:30,674][INFO][luminus.repl-server] nREPL server stopped
[2016-04-28 12:46:30,676][DEBUG][org.projectodd.wunderboss.WunderBoss] Returning existing component for org.projectodd.wunderboss.web.Web:-1645144552, ignoring options.
[2016-04-28 12:46:30,686][INFO][luminus.http-server] HTTP server stopped
[2016-04-28 12:46:30,689][INFO][com.zaxxer.hikari.pool.HikariPool] HikariPool-0 - is closing down.
[2016-04-28 12:46:30,699][INFO][dotted-line.core] #'dotted-line.core/repl-server stopped
[2016-04-28 12:46:30,699][INFO][dotted-line.core] #'dotted-line.core/http-server stopped
[2016-04-28 12:46:30,699][INFO][dotted-line.core] #'dotted-line.db.core/*db* stopped
[2016-04-28 13:39:32,848][DEBUG][org.jboss.logging] Logging Provider: org.jboss.logging.Log4jLoggerProvider
[2016-04-28 14:33:15,680][DEBUG][org.jboss.logging] Logging Provider: org.jboss.logging.Log4jLoggerProvider
[2016-04-28 14:33:17,877][INFO][com.zaxxer.hikari.HikariDataSource] HikariPool-0 - is starting.
[2016-04-28 14:33:19,611][INFO][luminus.http-server] starting HTTP server on port 3000
[2016-04-28 14:33:19,844][INFO][org.xnio] XNIO version 3.4.0.Beta1
[2016-04-28 14:33:20,401][INFO][org.xnio.nio] XNIO NIO Implementation Version 3.4.0.Beta1
[2016-04-28 14:33:20,842][INFO][org.projectodd.wunderboss.web.Web] Registered web context /
[2016-04-28 14:33:20,867][INFO][luminus.repl-server] starting nREPL server on port 7000
[2016-04-28 14:33:20,940][INFO][dotted-line.core] #'dotted-line.config/env started
[2016-04-28 14:33:20,940][INFO][dotted-line.core] #'dotted-line.db.core/*db* started
[2016-04-28 14:33:20,940][INFO][dotted-line.core] #'dotted-line.core/http-server started
[2016-04-28 14:33:20,940][INFO][dotted-line.core] #'dotted-line.core/repl-server started
[2016-04-28 14:33:20,941][INFO][dotted-line.env] 
-=[dotted-line started successfully using the development profile]=-
[2016-04-28 15:34:38,150][INFO][com.zaxxer.hikari.pool.HikariPool] HikariPool-0 - is closing down.
[2016-04-28 15:34:38,169][INFO][dotted-line.core] #'dotted-line.db.core/*db* stopped
[2016-04-28 15:35:35,323][DEBUG][org.jboss.logging] Logging Provider: org.jboss.logging.Log4jLoggerProvider
[2016-04-28 15:35:37,558][INFO][com.zaxxer.hikari.HikariDataSource] HikariPool-0 - is starting.
[2016-04-28 15:35:38,637][INFO][luminus.http-server] starting HTTP server on port 3000
[2016-04-28 15:35:38,856][INFO][org.xnio] XNIO version 3.4.0.Beta1
[2016-04-28 15:35:39,232][INFO][org.xnio.nio] XNIO NIO Implementation Version 3.4.0.Beta1
[2016-04-28 15:35:39,551][INFO][org.projectodd.wunderboss.web.Web] Registered web context /
[2016-04-28 15:35:39,554][INFO][luminus.repl-server] starting nREPL server on port 7000
[2016-04-28 15:35:39,583][INFO][dotted-line.core] #'dotted-line.config/env started
[2016-04-28 15:35:39,583][INFO][dotted-line.core] #'dotted-line.db.core/*db* started
[2016-04-28 15:35:39,583][INFO][dotted-line.core] #'dotted-line.core/http-server started
[2016-04-28 15:35:39,584][INFO][dotted-line.core] #'dotted-line.core/repl-server started
[2016-04-28 15:35:39,585][INFO][dotted-line.env] 
-=[dotted-line started successfully using the development profile]=-
[2016-04-28 15:36:21,305][INFO][luminus.repl-server] nREPL server stopped
[2016-04-28 15:36:21,314][DEBUG][org.projectodd.wunderboss.WunderBoss] Returning existing component for org.projectodd.wunderboss.web.Web:-1645144552, ignoring options.
[2016-04-28 15:36:21,341][INFO][luminus.http-server] HTTP server stopped
[2016-04-28 15:36:21,343][INFO][com.zaxxer.hikari.pool.HikariPool] HikariPool-0 - is closing down.
[2016-04-28 15:36:21,354][INFO][dotted-line.core] #'dotted-line.core/repl-server stopped
[2016-04-28 15:36:21,354][INFO][dotted-line.core] #'dotted-line.core/http-server stopped
[2016-04-28 15:36:21,355][INFO][dotted-line.core] #'dotted-line.db.core/*db* stopped
[2016-04-28 15:41:23,504][DEBUG][org.jboss.logging] Logging Provider: org.jboss.logging.Log4jLoggerProvider
[2016-04-28 15:41:25,641][INFO][com.zaxxer.hikari.HikariDataSource] HikariPool-0 - is starting.
[2016-04-28 15:41:26,622][INFO][luminus.http-server] starting HTTP server on port 3000
[2016-04-28 15:41:26,763][INFO][org.xnio] XNIO version 3.4.0.Beta1
[2016-04-28 15:41:26,962][INFO][org.xnio.nio] XNIO NIO Implementation Version 3.4.0.Beta1
[2016-04-28 15:41:27,174][INFO][org.projectodd.wunderboss.web.Web] Registered web context /
[2016-04-28 15:41:27,191][INFO][luminus.repl-server] starting nREPL server on port 7000
[2016-04-28 15:41:27,264][INFO][dotted-line.core] #'dotted-line.config/env started
[2016-04-28 15:41:27,273][INFO][dotted-line.core] #'dotted-line.db.core/*db* started
[2016-04-28 15:41:27,274][INFO][dotted-line.core] #'dotted-line.core/http-server started
[2016-04-28 15:41:27,274][INFO][dotted-line.core] #'dotted-line.core/repl-server started
[2016-04-28 15:41:27,276][INFO][dotted-line.env] 
-=[dotted-line started successfully using the development profile]=-
[2016-04-28 15:43:00,014][INFO][luminus.repl-server] nREPL server stopped
[2016-04-28 15:43:00,023][DEBUG][org.projectodd.wunderboss.WunderBoss] Returning existing component for org.projectodd.wunderboss.web.Web:-1645144552, ignoring options.
[2016-04-28 15:43:00,047][INFO][luminus.http-server] HTTP server stopped
[2016-04-28 15:43:00,051][INFO][com.zaxxer.hikari.pool.HikariPool] HikariPool-0 - is closing down.
[2016-04-28 15:43:00,063][INFO][dotted-line.core] #'dotted-line.core/repl-server stopped
[2016-04-28 15:43:00,063][INFO][dotted-line.core] #'dotted-line.core/http-server stopped
[2016-04-28 15:43:00,064][INFO][dotted-line.core] #'dotted-line.db.core/*db* stopped
[2016-04-28 15:44:52,812][DEBUG][org.jboss.logging] Logging Provider: org.jboss.logging.Log4jLoggerProvider
[2016-04-28 15:44:54,184][INFO][com.zaxxer.hikari.HikariDataSource] HikariPool-0 - is starting.
[2016-04-28 15:44:55,200][INFO][luminus.http-server] starting HTTP server on port 3000
[2016-04-28 15:44:55,370][INFO][org.xnio] XNIO version 3.4.0.Beta1
[2016-04-28 15:44:55,583][INFO][org.xnio.nio] XNIO NIO Implementation Version 3.4.0.Beta1
[2016-04-28 15:44:55,742][INFO][org.projectodd.wunderboss.web.Web] Registered web context /
[2016-04-28 15:44:55,745][INFO][luminus.repl-server] starting nREPL server on port 7000
[2016-04-28 15:44:55,788][INFO][dotted-line.core] #'dotted-line.config/env started
[2016-04-28 15:44:55,789][INFO][dotted-line.core] #'dotted-line.db.core/*db* started
[2016-04-28 15:44:55,789][INFO][dotted-line.core] #'dotted-line.core/http-server started
[2016-04-28 15:44:55,789][INFO][dotted-line.core] #'dotted-line.core/repl-server started
[2016-04-28 15:44:55,790][INFO][dotted-line.env] 
-=[dotted-line started successfully using the development profile]=-
[2016-04-28 15:46:12,686][INFO][luminus.repl-server] nREPL server stopped
[2016-04-28 15:46:12,694][DEBUG][org.projectodd.wunderboss.WunderBoss] Returning existing component for org.projectodd.wunderboss.web.Web:-1645144552, ignoring options.
[2016-04-28 15:46:12,713][INFO][luminus.http-server] HTTP server stopped
[2016-04-28 15:46:12,714][INFO][com.zaxxer.hikari.pool.HikariPool] HikariPool-0 - is closing down.
[2016-04-28 15:46:12,724][INFO][dotted-line.core] #'dotted-line.core/repl-server stopped
[2016-04-28 15:46:12,724][INFO][dotted-line.core] #'dotted-line.core/http-server stopped
[2016-04-28 15:46:12,724][INFO][dotted-line.core] #'dotted-line.db.core/*db* stopped
[2016-04-28 15:47:02,245][DEBUG][org.jboss.logging] Logging Provider: org.jboss.logging.Log4jLoggerProvider
[2016-04-28 15:47:04,095][INFO][com.zaxxer.hikari.HikariDataSource] HikariPool-0 - is starting.
[2016-04-28 15:47:04,711][INFO][luminus.http-server] starting HTTP server on port 3000
[2016-04-28 15:47:04,791][INFO][org.xnio] XNIO version 3.4.0.Beta1
[2016-04-28 15:47:04,945][INFO][org.xnio.nio] XNIO NIO Implementation Version 3.4.0.Beta1
[2016-04-28 15:47:05,062][INFO][org.projectodd.wunderboss.web.Web] Registered web context /
[2016-04-28 15:47:05,064][INFO][luminus.repl-server] starting nREPL server on port 7000
[2016-04-28 15:47:05,104][INFO][dotted-line.core] #'dotted-line.config/env started
[2016-04-28 15:47:05,105][INFO][dotted-line.core] #'dotted-line.db.core/*db* started
[2016-04-28 15:47:05,105][INFO][dotted-line.core] #'dotted-line.core/http-server started
[2016-04-28 15:47:05,105][INFO][dotted-line.core] #'dotted-line.core/repl-server started
[2016-04-28 15:47:05,110][INFO][dotted-line.env] 
-=[dotted-line started successfully using the development profile]=-
[2016-04-28 16:08:51,911][INFO][luminus.repl-server] nREPL server stopped
[2016-04-28 16:08:51,913][DEBUG][org.projectodd.wunderboss.WunderBoss] Returning existing component for org.projectodd.wunderboss.web.Web:-1645144552, ignoring options.
[2016-04-28 16:08:51,927][INFO][luminus.http-server] HTTP server stopped
[2016-04-28 16:08:51,928][INFO][com.zaxxer.hikari.pool.HikariPool] HikariPool-0 - is closing down.
[2016-04-28 16:08:51,936][INFO][dotted-line.core] #'dotted-line.core/repl-server stopped
[2016-04-28 16:08:51,937][INFO][dotted-line.core] #'dotted-line.core/http-server stopped
[2016-04-28 16:08:51,937][INFO][dotted-line.core] #'dotted-line.db.core/*db* stopped
[2016-04-28 16:09:30,170][DEBUG][org.jboss.logging] Logging Provider: org.jboss.logging.Log4jLoggerProvider
[2016-04-28 16:09:32,242][INFO][com.zaxxer.hikari.HikariDataSource] HikariPool-0 - is starting.
[2016-04-28 16:09:33,403][INFO][luminus.http-server] starting HTTP server on port 3000
[2016-04-28 16:09:33,580][INFO][org.xnio] XNIO version 3.4.0.Beta1
[2016-04-28 16:09:33,873][INFO][org.xnio.nio] XNIO NIO Implementation Version 3.4.0.Beta1
[2016-04-28 16:09:34,141][INFO][org.projectodd.wunderboss.web.Web] Registered web context /
[2016-04-28 16:09:34,152][INFO][luminus.repl-server] starting nREPL server on port 7000
[2016-04-28 16:09:34,187][INFO][dotted-line.core] #'dotted-line.config/env started
[2016-04-28 16:09:34,188][INFO][dotted-line.core] #'dotted-line.db.core/*db* started
[2016-04-28 16:09:34,188][INFO][dotted-line.core] #'dotted-line.core/http-server started
[2016-04-28 16:09:34,188][INFO][dotted-line.core] #'dotted-line.core/repl-server started
[2016-04-28 16:09:34,189][INFO][dotted-line.env] 
-=[dotted-line started successfully using the development profile]=-
[2016-04-28 16:15:27,219][INFO][luminus.repl-server] nREPL server stopped
[2016-04-28 16:15:27,221][DEBUG][org.projectodd.wunderboss.WunderBoss] Returning existing component for org.projectodd.wunderboss.web.Web:-1645144552, ignoring options.
[2016-04-28 16:15:27,234][INFO][luminus.http-server] HTTP server stopped
[2016-04-28 16:15:27,235][INFO][com.zaxxer.hikari.pool.HikariPool] HikariPool-0 - is closing down.
[2016-04-28 16:15:27,246][INFO][dotted-line.core] #'dotted-line.core/repl-server stopped
[2016-04-28 16:15:27,246][INFO][dotted-line.core] #'dotted-line.core/http-server stopped
[2016-04-28 16:15:27,246][INFO][dotted-line.core] #'dotted-line.db.core/*db* stopped
[2016-04-28 16:17:13,633][DEBUG][org.jboss.logging] Logging Provider: org.jboss.logging.Log4jLoggerProvider
[2016-04-28 16:17:15,505][INFO][com.zaxxer.hikari.HikariDataSource] HikariPool-0 - is starting.
[2016-04-28 16:17:16,392][INFO][luminus.http-server] starting HTTP server on port 3000
[2016-04-28 16:17:16,569][INFO][org.xnio] XNIO version 3.4.0.Beta1
[2016-04-28 16:17:16,794][INFO][org.xnio.nio] XNIO NIO Implementation Version 3.4.0.Beta1
[2016-04-28 16:17:17,035][INFO][org.projectodd.wunderboss.web.Web] Registered web context /
[2016-04-28 16:17:17,040][INFO][luminus.repl-server] starting nREPL server on port 7000
[2016-04-28 16:17:17,093][INFO][dotted-line.core] #'dotted-line.config/env started
[2016-04-28 16:17:17,093][INFO][dotted-line.core] #'dotted-line.db.core/*db* started
[2016-04-28 16:17:17,093][INFO][dotted-line.core] #'dotted-line.core/http-server started
[2016-04-28 16:17:17,093][INFO][dotted-line.core] #'dotted-line.core/repl-server started
[2016-04-28 16:17:17,094][INFO][dotted-line.env] 
-=[dotted-line started successfully using the development profile]=-
[2016-04-28 16:24:08,712][INFO][luminus.repl-server] nREPL server stopped
[2016-04-28 16:24:08,714][DEBUG][org.projectodd.wunderboss.WunderBoss] Returning existing component for org.projectodd.wunderboss.web.Web:-1645144552, ignoring options.
[2016-04-28 16:24:08,725][INFO][luminus.http-server] HTTP server stopped
[2016-04-28 16:24:08,726][INFO][com.zaxxer.hikari.pool.HikariPool] HikariPool-0 - is closing down.
[2016-04-28 16:24:08,732][INFO][dotted-line.core] #'dotted-line.core/repl-server stopped
[2016-04-28 16:24:08,733][INFO][dotted-line.core] #'dotted-line.core/http-server stopped
[2016-04-28 16:24:08,733][INFO][dotted-line.core] #'dotted-line.db.core/*db* stopped
[2016-04-28 16:24:39,464][DEBUG][org.jboss.logging] Logging Provider: org.jboss.logging.Log4jLoggerProvider
[2016-04-28 16:24:40,788][INFO][com.zaxxer.hikari.HikariDataSource] HikariPool-0 - is starting.
[2016-04-28 16:24:41,299][INFO][luminus.http-server] starting HTTP server on port 3000
[2016-04-28 16:24:41,394][INFO][org.xnio] XNIO version 3.4.0.Beta1
[2016-04-28 16:24:41,563][INFO][org.xnio.nio] XNIO NIO Implementation Version 3.4.0.Beta1
[2016-04-28 16:24:41,724][INFO][org.projectodd.wunderboss.web.Web] Registered web context /
[2016-04-28 16:24:41,733][INFO][luminus.repl-server] starting nREPL server on port 7000
[2016-04-28 16:24:41,769][INFO][dotted-line.core] #'dotted-line.config/env started
[2016-04-28 16:24:41,770][INFO][dotted-line.core] #'dotted-line.db.core/*db* started
[2016-04-28 16:24:41,770][INFO][dotted-line.core] #'dotted-line.core/http-server started
[2016-04-28 16:24:41,770][INFO][dotted-line.core] #'dotted-line.core/repl-server started
[2016-04-28 16:24:41,771][INFO][dotted-line.env] 
-=[dotted-line started successfully using the development profile]=-
[2016-04-28 16:28:05,932][INFO][luminus.repl-server] nREPL server stopped
[2016-04-28 16:28:05,935][DEBUG][org.projectodd.wunderboss.WunderBoss] Returning existing component for org.projectodd.wunderboss.web.Web:-1645144552, ignoring options.
[2016-04-28 16:28:05,960][INFO][luminus.http-server] HTTP server stopped
[2016-04-28 16:28:05,962][INFO][com.zaxxer.hikari.pool.HikariPool] HikariPool-0 - is closing down.
[2016-04-28 16:28:05,979][INFO][dotted-line.core] #'dotted-line.core/repl-server stopped
[2016-04-28 16:28:05,980][INFO][dotted-line.core] #'dotted-line.core/http-server stopped
[2016-04-28 16:28:05,980][INFO][dotted-line.core] #'dotted-line.db.core/*db* stopped
[2016-04-28 16:28:39,405][DEBUG][org.jboss.logging] Logging Provider: org.jboss.logging.Log4jLoggerProvider
[2016-04-28 16:28:40,997][INFO][com.zaxxer.hikari.HikariDataSource] HikariPool-0 - is starting.
[2016-04-28 16:28:41,865][INFO][luminus.http-server] starting HTTP server on port 3000
[2016-04-28 16:28:41,996][INFO][org.xnio] XNIO version 3.4.0.Beta1
[2016-04-28 16:28:42,218][INFO][org.xnio.nio] XNIO NIO Implementation Version 3.4.0.Beta1
[2016-04-28 16:28:42,439][INFO][org.projectodd.wunderboss.web.Web] Registered web context /
[2016-04-28 16:28:42,442][INFO][luminus.repl-server] starting nREPL server on port 7000
[2016-04-28 16:28:42,528][INFO][dotted-line.core] #'dotted-line.config/env started
[2016-04-28 16:28:42,535][INFO][dotted-line.core] #'dotted-line.db.core/*db* started
[2016-04-28 16:28:42,535][INFO][dotted-line.core] #'dotted-line.core/http-server started
[2016-04-28 16:28:42,535][INFO][dotted-line.core] #'dotted-line.core/repl-server started
[2016-04-28 16:28:42,536][INFO][dotted-line.env] 
-=[dotted-line started successfully using the development profile]=-
[2016-04-28 16:36:48,249][INFO][luminus.repl-server] nREPL server stopped
[2016-04-28 16:36:48,251][DEBUG][org.projectodd.wunderboss.WunderBoss] Returning existing component for org.projectodd.wunderboss.web.Web:-1645144552, ignoring options.
[2016-04-28 16:36:48,262][INFO][luminus.http-server] HTTP server stopped
[2016-04-28 16:36:48,264][INFO][com.zaxxer.hikari.pool.HikariPool] HikariPool-0 - is closing down.
[2016-04-28 16:36:48,269][INFO][dotted-line.core] #'dotted-line.core/repl-server stopped
[2016-04-28 16:36:48,270][INFO][dotted-line.core] #'dotted-line.core/http-server stopped
[2016-04-28 16:36:48,270][INFO][dotted-line.core] #'dotted-line.db.core/*db* stopped
[2016-04-28 16:37:31,271][DEBUG][org.jboss.logging] Logging Provider: org.jboss.logging.Log4jLoggerProvider
[2016-04-28 16:37:33,427][INFO][com.zaxxer.hikari.HikariDataSource] HikariPool-0 - is starting.
[2016-04-28 16:37:34,504][INFO][luminus.http-server] starting HTTP server on port 3000
[2016-04-28 16:37:34,625][INFO][org.xnio] XNIO version 3.4.0.Beta1
[2016-04-28 16:37:34,830][INFO][org.xnio.nio] XNIO NIO Implementation Version 3.4.0.Beta1
[2016-04-28 16:37:35,029][INFO][org.projectodd.wunderboss.web.Web] Registered web context /
[2016-04-28 16:37:35,045][INFO][luminus.repl-server] starting nREPL server on port 7000
[2016-04-28 16:37:35,087][INFO][dotted-line.core] #'dotted-line.config/env started
[2016-04-28 16:37:35,088][INFO][dotted-line.core] #'dotted-line.db.core/*db* started
[2016-04-28 16:37:35,088][INFO][dotted-line.core] #'dotted-line.core/http-server started
[2016-04-28 16:37:35,088][INFO][dotted-line.core] #'dotted-line.core/repl-server started
[2016-04-28 16:37:35,089][INFO][dotted-line.env] 
-=[dotted-line started successfully using the development profile]=-
[2016-04-28 17:06:09,226][INFO][luminus.repl-server] nREPL server stopped
[2016-04-28 17:06:09,352][DEBUG][org.projectodd.wunderboss.WunderBoss] Returning existing component for org.projectodd.wunderboss.web.Web:-1645144552, ignoring options.
[2016-04-28 17:06:09,466][INFO][luminus.http-server] HTTP server stopped
[2016-04-28 17:06:09,467][INFO][com.zaxxer.hikari.pool.HikariPool] HikariPool-0 - is closing down.
[2016-04-28 17:06:09,495][INFO][dotted-line.core] #'dotted-line.core/repl-server stopped
[2016-04-28 17:06:09,496][INFO][dotted-line.core] #'dotted-line.core/http-server stopped
[2016-04-28 17:06:09,496][INFO][dotted-line.core] #'dotted-line.db.core/*db* stopped
[2016-04-29 15:30:07,207][DEBUG][org.jboss.logging] Logging Provider: org.jboss.logging.Log4jLoggerProvider
[2016-04-29 15:33:00,445][DEBUG][org.jboss.logging] Logging Provider: org.jboss.logging.Log4jLoggerProvider
[2016-04-29 15:37:38,819][DEBUG][org.jboss.logging] Logging Provider: org.jboss.logging.Log4jLoggerProvider
[2016-04-29 16:44:03,936][DEBUG][org.jboss.logging] Logging Provider: org.jboss.logging.Log4jLoggerProvider
[2016-04-29 16:48:49,761][DEBUG][org.jboss.logging] Logging Provider: org.jboss.logging.Log4jLoggerProvider
[2016-04-29 17:17:24,843][DEBUG][org.jboss.logging] Logging Provider: org.jboss.logging.Log4jLoggerProvider
[2016-04-29 17:44:41,245][DEBUG][org.jboss.logging] Logging Provider: org.jboss.logging.Log4jLoggerProvider
[2016-05-01 16:43:23,279][DEBUG][org.jboss.logging] Logging Provider: org.jboss.logging.Log4jLoggerProvider
[2016-05-01 16:43:24,623][INFO][com.zaxxer.hikari.HikariDataSource] HikariPool-0 - is starting.
[2016-05-01 16:43:25,482][INFO][luminus.http-server] starting HTTP server on port 3000
[2016-05-01 16:43:25,625][INFO][org.xnio] XNIO version 3.4.0.Beta1
[2016-05-01 16:43:25,961][INFO][org.xnio.nio] XNIO NIO Implementation Version 3.4.0.Beta1
[2016-05-01 16:43:26,204][INFO][org.projectodd.wunderboss.web.Web] Registered web context /
[2016-05-01 16:43:26,212][INFO][luminus.repl-server] starting nREPL server on port 7000
[2016-05-01 16:43:26,253][INFO][dotted-line.core] #'dotted-line.config/env started
[2016-05-01 16:43:26,253][INFO][dotted-line.core] #'dotted-line.db.core/*db* started
[2016-05-01 16:43:26,253][INFO][dotted-line.core] #'dotted-line.core/http-server started
[2016-05-01 16:43:26,253][INFO][dotted-line.core] #'dotted-line.core/repl-server started
[2016-05-01 16:43:26,254][INFO][dotted-line.env] 
-=[dotted-line started successfully using the development profile]=-
[2016-05-01 16:52:52,448][DEBUG][org.jboss.logging] Logging Provider: org.jboss.logging.Log4jLoggerProvider
[2016-05-01 18:56:53,617][INFO][com.zaxxer.hikari.pool.HikariPool] HikariPool-0 - is closing down.
[2016-05-01 18:56:53,674][INFO][dotted-line.core] #'dotted-line.db.core/*db* stopped
[2016-05-04 10:49:12,186][DEBUG][org.jboss.logging] Logging Provider: org.jboss.logging.Log4jLoggerProvider
[2016-05-04 10:51:02,932][DEBUG][org.jboss.logging] Logging Provider: org.jboss.logging.Log4jLoggerProvider
[2016-05-04 10:51:05,255][INFO][com.zaxxer.hikari.HikariDataSource] HikariPool-0 - is starting.
[2016-05-04 10:51:06,923][INFO][luminus.http-server] starting HTTP server on port 3000
[2016-05-04 10:51:07,220][INFO][org.xnio] XNIO version 3.4.0.Beta1
[2016-05-04 10:51:07,697][INFO][org.xnio.nio] XNIO NIO Implementation Version 3.4.0.Beta1
[2016-05-04 10:51:07,965][INFO][org.projectodd.wunderboss.web.Web] Registered web context /
[2016-05-04 10:51:07,973][INFO][luminus.repl-server] starting nREPL server on port 7000
[2016-05-04 10:51:08,027][INFO][dotted-line.core] #'dotted-line.config/env started
[2016-05-04 10:51:08,028][INFO][dotted-line.core] #'dotted-line.db.core/*db* started
[2016-05-04 10:51:08,028][INFO][dotted-line.core] #'dotted-line.core/http-server started
[2016-05-04 10:51:08,028][INFO][dotted-line.core] #'dotted-line.core/repl-server started
[2016-05-04 10:51:08,029][INFO][dotted-line.env] 
-=[dotted-line started successfully using the development profile]=-
[2016-05-04 11:37:38,747][INFO][com.zaxxer.hikari.pool.HikariPool] HikariPool-0 - is closing down.
[2016-05-04 11:37:38,871][INFO][dotted-line.core] #'dotted-line.db.core/*db* stopped
[2016-05-04 17:24:21,356][DEBUG][org.jboss.logging] Logging Provider: org.jboss.logging.Log4jLoggerProvider
[2016-05-04 17:24:23,066][INFO][com.zaxxer.hikari.HikariDataSource] HikariPool-0 - is starting.
[2016-05-04 17:24:23,902][INFO][luminus.http-server] starting HTTP server on port 3000
[2016-05-04 17:24:24,081][INFO][org.xnio] XNIO version 3.4.0.Beta1
[2016-05-04 17:24:24,463][INFO][org.xnio.nio] XNIO NIO Implementation Version 3.4.0.Beta1
[2016-05-04 17:24:24,739][INFO][org.projectodd.wunderboss.web.Web] Registered web context /
[2016-05-04 17:24:24,742][INFO][luminus.repl-server] starting nREPL server on port 7000
[2016-05-04 17:24:24,780][INFO][dotted-line.core] #'dotted-line.config/env started
[2016-05-04 17:24:24,780][INFO][dotted-line.core] #'dotted-line.db.core/*db* started
[2016-05-04 17:24:24,780][INFO][dotted-line.core] #'dotted-line.core/http-server started
[2016-05-04 17:24:24,780][INFO][dotted-line.core] #'dotted-line.core/repl-server started
[2016-05-04 17:24:24,781][INFO][dotted-line.env] 
-=[dotted-line started successfully using the development profile]=-
[2016-05-04 17:33:41,850][INFO][luminus.repl-server] nREPL server stopped
[2016-05-04 17:33:41,904][DEBUG][org.projectodd.wunderboss.WunderBoss] Returning existing component for org.projectodd.wunderboss.web.Web:-1645144552, ignoring options.
[2016-05-04 17:33:41,918][INFO][luminus.http-server] HTTP server stopped
[2016-05-04 17:33:41,920][INFO][com.zaxxer.hikari.pool.HikariPool] HikariPool-0 - is closing down.
[2016-05-04 17:33:41,932][INFO][dotted-line.core] #'dotted-line.core/repl-server stopped
[2016-05-04 17:33:41,932][INFO][dotted-line.core] #'dotted-line.core/http-server stopped
[2016-05-04 17:33:41,933][INFO][dotted-line.core] #'dotted-line.db.core/*db* stopped
[2016-05-04 18:09:20,252][DEBUG][org.jboss.logging] Logging Provider: org.jboss.logging.Log4jLoggerProvider
[2016-05-04 18:09:22,153][INFO][com.zaxxer.hikari.HikariDataSource] HikariPool-0 - is starting.
[2016-05-04 18:09:23,034][INFO][luminus.http-server] starting HTTP server on port 3000
[2016-05-04 18:09:23,178][INFO][org.xnio] XNIO version 3.4.0.Beta1
[2016-05-04 18:09:23,385][INFO][org.xnio.nio] XNIO NIO Implementation Version 3.4.0.Beta1
[2016-05-04 18:09:23,612][INFO][org.projectodd.wunderboss.web.Web] Registered web context /
[2016-05-04 18:09:23,615][INFO][luminus.repl-server] starting nREPL server on port 7000
[2016-05-04 18:09:23,655][INFO][dotted-line.core] #'dotted-line.config/env started
[2016-05-04 18:09:23,655][INFO][dotted-line.core] #'dotted-line.db.core/*db* started
[2016-05-04 18:09:23,656][INFO][dotted-line.core] #'dotted-line.core/http-server started
[2016-05-04 18:09:23,656][INFO][dotted-line.core] #'dotted-line.core/repl-server started
[2016-05-04 18:09:23,657][INFO][dotted-line.env] 
-=[dotted-line started successfully using the development profile]=-
[2016-05-04 18:17:43,081][INFO][luminus.repl-server] nREPL server stopped
[2016-05-04 18:17:43,088][DEBUG][org.projectodd.wunderboss.WunderBoss] Returning existing component for org.projectodd.wunderboss.web.Web:-1645144552, ignoring options.
[2016-05-04 18:17:43,111][INFO][luminus.http-server] HTTP server stopped
[2016-05-04 18:17:43,114][INFO][com.zaxxer.hikari.pool.HikariPool] HikariPool-0 - is closing down.
[2016-05-04 18:17:43,125][INFO][dotted-line.core] #'dotted-line.core/repl-server stopped
[2016-05-04 18:17:43,126][INFO][dotted-line.core] #'dotted-line.core/http-server stopped
[2016-05-04 18:17:43,126][INFO][dotted-line.core] #'dotted-line.db.core/*db* stopped
[2016-05-04 18:20:41,418][DEBUG][org.jboss.logging] Logging Provider: org.jboss.logging.Log4jLoggerProvider
[2016-05-04 18:20:43,358][INFO][com.zaxxer.hikari.HikariDataSource] HikariPool-0 - is starting.
[2016-05-04 18:20:44,024][INFO][luminus.http-server] starting HTTP server on port 3000
[2016-05-04 18:20:44,106][INFO][org.xnio] XNIO version 3.4.0.Beta1
[2016-05-04 18:20:44,304][INFO][org.xnio.nio] XNIO NIO Implementation Version 3.4.0.Beta1
[2016-05-04 18:20:44,460][INFO][org.projectodd.wunderboss.web.Web] Registered web context /
[2016-05-04 18:20:44,484][INFO][luminus.repl-server] starting nREPL server on port 7000
[2016-05-04 18:20:44,523][INFO][dotted-line.core] #'dotted-line.config/env started
[2016-05-04 18:20:44,524][INFO][dotted-line.core] #'dotted-line.db.core/*db* started
[2016-05-04 18:20:44,524][INFO][dotted-line.core] #'dotted-line.core/http-server started
[2016-05-04 18:20:44,524][INFO][dotted-line.core] #'dotted-line.core/repl-server started
[2016-05-04 18:20:44,525][INFO][dotted-line.env] 
-=[dotted-line started successfully using the development profile]=-
[2016-05-04 18:22:34,287][INFO][luminus.repl-server] nREPL server stopped
[2016-05-04 18:22:34,290][DEBUG][org.projectodd.wunderboss.WunderBoss] Returning existing component for org.projectodd.wunderboss.web.Web:-1645144552, ignoring options.
[2016-05-04 18:22:34,308][INFO][luminus.http-server] HTTP server stopped
[2016-05-04 18:22:34,310][INFO][com.zaxxer.hikari.pool.HikariPool] HikariPool-0 - is closing down.
[2016-05-04 18:22:34,317][INFO][dotted-line.core] #'dotted-line.core/repl-server stopped
[2016-05-04 18:22:34,317][INFO][dotted-line.core] #'dotted-line.core/http-server stopped
[2016-05-04 18:22:34,317][INFO][dotted-line.core] #'dotted-line.db.core/*db* stopped
[2016-05-05 10:16:44,746][DEBUG][org.jboss.logging] Logging Provider: org.jboss.logging.Log4jLoggerProvider
[2016-05-05 10:20:18,780][DEBUG][org.jboss.logging] Logging Provider: org.jboss.logging.Log4jLoggerProvider
[2016-05-05 10:20:20,236][INFO][com.zaxxer.hikari.HikariDataSource] HikariPool-0 - is starting.
[2016-05-05 10:20:21,419][INFO][luminus.http-server] starting HTTP server on port 3000
[2016-05-05 10:20:21,640][INFO][org.xnio] XNIO version 3.4.0.Beta1
[2016-05-05 10:20:22,091][INFO][org.xnio.nio] XNIO NIO Implementation Version 3.4.0.Beta1
[2016-05-05 10:20:22,377][INFO][org.projectodd.wunderboss.web.Web] Registered web context /
[2016-05-05 10:20:22,379][INFO][luminus.repl-server] starting nREPL server on port 7000
[2016-05-05 10:20:22,451][INFO][dotted-line.core] #'dotted-line.config/env started
[2016-05-05 10:20:22,451][INFO][dotted-line.core] #'dotted-line.db.core/*db* started
[2016-05-05 10:20:22,451][INFO][dotted-line.core] #'dotted-line.core/http-server started
[2016-05-05 10:20:22,451][INFO][dotted-line.core] #'dotted-line.core/repl-server started
[2016-05-05 10:20:22,452][INFO][dotted-line.env] 
-=[dotted-line started successfully using the development profile]=-
[2016-05-05 11:07:21,607][INFO][luminus.repl-server] nREPL server stopped
[2016-05-05 11:07:21,674][DEBUG][org.projectodd.wunderboss.WunderBoss] Returning existing component for org.projectodd.wunderboss.web.Web:-1645144552, ignoring options.
[2016-05-05 11:07:21,705][INFO][luminus.http-server] HTTP server stopped
[2016-05-05 11:07:21,707][INFO][com.zaxxer.hikari.pool.HikariPool] HikariPool-0 - is closing down.
[2016-05-05 11:07:21,712][INFO][dotted-line.core] #'dotted-line.core/repl-server stopped
[2016-05-05 11:07:21,712][INFO][dotted-line.core] #'dotted-line.core/http-server stopped
[2016-05-05 11:07:21,713][INFO][dotted-line.core] #'dotted-line.db.core/*db* stopped
[2016-05-05 11:08:24,828][DEBUG][org.jboss.logging] Logging Provider: org.jboss.logging.Log4jLoggerProvider
[2016-05-05 11:08:26,459][INFO][com.zaxxer.hikari.HikariDataSource] HikariPool-0 - is starting.
[2016-05-05 11:08:27,772][INFO][luminus.http-server] starting HTTP server on port 3000
[2016-05-05 11:08:27,958][INFO][org.xnio] XNIO version 3.4.0.Beta1
[2016-05-05 11:08:28,304][INFO][org.xnio.nio] XNIO NIO Implementation Version 3.4.0.Beta1
[2016-05-05 11:08:28,567][INFO][org.projectodd.wunderboss.web.Web] Registered web context /
[2016-05-05 11:08:28,570][INFO][luminus.repl-server] starting nREPL server on port 7000
[2016-05-05 11:08:28,641][INFO][dotted-line.core] #'dotted-line.config/env started
[2016-05-05 11:08:28,643][INFO][dotted-line.core] #'dotted-line.db.core/*db* started
[2016-05-05 11:08:28,643][INFO][dotted-line.core] #'dotted-line.core/http-server started
[2016-05-05 11:08:28,643][INFO][dotted-line.core] #'dotted-line.core/repl-server started
[2016-05-05 11:08:28,644][INFO][dotted-line.env] 
-=[dotted-line started successfully using the development profile]=-
[2016-05-05 11:08:46,347][INFO][luminus.repl-server] nREPL server stopped
[2016-05-05 11:08:46,351][DEBUG][org.projectodd.wunderboss.WunderBoss] Returning existing component for org.projectodd.wunderboss.web.Web:-1645144552, ignoring options.
[2016-05-05 11:08:46,370][INFO][luminus.http-server] HTTP server stopped
[2016-05-05 11:08:46,371][INFO][com.zaxxer.hikari.pool.HikariPool] HikariPool-0 - is closing down.
[2016-05-05 11:08:46,378][INFO][dotted-line.core] #'dotted-line.core/repl-server stopped
[2016-05-05 11:08:46,378][INFO][dotted-line.core] #'dotted-line.core/http-server stopped
[2016-05-05 11:08:46,379][INFO][dotted-line.core] #'dotted-line.db.core/*db* stopped
[2016-05-05 11:11:15,357][DEBUG][org.jboss.logging] Logging Provider: org.jboss.logging.Log4jLoggerProvider
[2016-05-05 11:11:17,788][INFO][com.zaxxer.hikari.HikariDataSource] HikariPool-0 - is starting.
[2016-05-05 11:11:18,492][INFO][luminus.http-server] starting HTTP server on port 3000
[2016-05-05 11:11:18,607][INFO][org.xnio] XNIO version 3.4.0.Beta1
[2016-05-05 11:11:18,878][INFO][org.xnio.nio] XNIO NIO Implementation Version 3.4.0.Beta1
[2016-05-05 11:11:19,089][INFO][org.projectodd.wunderboss.web.Web] Registered web context /
[2016-05-05 11:11:19,101][INFO][luminus.repl-server] starting nREPL server on port 7000
[2016-05-05 11:11:19,151][INFO][dotted-line.core] #'dotted-line.config/env started
[2016-05-05 11:11:19,154][INFO][dotted-line.core] #'dotted-line.db.core/*db* started
[2016-05-05 11:11:19,154][INFO][dotted-line.core] #'dotted-line.core/http-server started
[2016-05-05 11:11:19,159][INFO][dotted-line.core] #'dotted-line.core/repl-server started
[2016-05-05 11:11:19,160][INFO][dotted-line.env] 
-=[dotted-line started successfully using the development profile]=-
[2016-05-05 11:12:43,879][INFO][luminus.repl-server] nREPL server stopped
[2016-05-05 11:12:43,886][DEBUG][org.projectodd.wunderboss.WunderBoss] Returning existing component for org.projectodd.wunderboss.web.Web:-1645144552, ignoring options.
[2016-05-05 11:12:43,906][INFO][luminus.http-server] HTTP server stopped
[2016-05-05 11:12:43,907][INFO][com.zaxxer.hikari.pool.HikariPool] HikariPool-0 - is closing down.
[2016-05-05 11:12:43,919][INFO][dotted-line.core] #'dotted-line.core/repl-server stopped
[2016-05-05 11:12:43,919][INFO][dotted-line.core] #'dotted-line.core/http-server stopped
[2016-05-05 11:12:43,919][INFO][dotted-line.core] #'dotted-line.db.core/*db* stopped
[2016-05-05 11:13:16,584][DEBUG][org.jboss.logging] Logging Provider: org.jboss.logging.Log4jLoggerProvider
[2016-05-05 11:13:18,428][INFO][com.zaxxer.hikari.HikariDataSource] HikariPool-0 - is starting.
[2016-05-05 11:13:19,405][INFO][luminus.http-server] starting HTTP server on port 3000
[2016-05-05 11:13:19,499][INFO][org.xnio] XNIO version 3.4.0.Beta1
[2016-05-05 11:13:19,683][INFO][org.xnio.nio] XNIO NIO Implementation Version 3.4.0.Beta1
[2016-05-05 11:13:19,828][INFO][org.projectodd.wunderboss.web.Web] Registered web context /
[2016-05-05 11:13:19,831][INFO][luminus.repl-server] starting nREPL server on port 7000
[2016-05-05 11:13:19,861][INFO][dotted-line.core] #'dotted-line.config/env started
[2016-05-05 11:13:19,861][INFO][dotted-line.core] #'dotted-line.db.core/*db* started
[2016-05-05 11:13:19,862][INFO][dotted-line.core] #'dotted-line.core/http-server started
[2016-05-05 11:13:19,862][INFO][dotted-line.core] #'dotted-line.core/repl-server started
[2016-05-05 11:13:19,863][INFO][dotted-line.env] 
-=[dotted-line started successfully using the development profile]=-
[2016-05-05 11:19:37,164][INFO][luminus.repl-server] nREPL server stopped
[2016-05-05 11:19:37,175][DEBUG][org.projectodd.wunderboss.WunderBoss] Returning existing component for org.projectodd.wunderboss.web.Web:-1645144552, ignoring options.
[2016-05-05 11:19:37,194][INFO][luminus.http-server] HTTP server stopped
[2016-05-05 11:19:37,196][INFO][com.zaxxer.hikari.pool.HikariPool] HikariPool-0 - is closing down.
[2016-05-05 11:19:37,203][INFO][dotted-line.core] #'dotted-line.core/repl-server stopped
[2016-05-05 11:19:37,204][INFO][dotted-line.core] #'dotted-line.core/http-server stopped
[2016-05-05 11:19:37,204][INFO][dotted-line.core] #'dotted-line.db.core/*db* stopped
[2016-05-05 11:20:07,106][DEBUG][org.jboss.logging] Logging Provider: org.jboss.logging.Log4jLoggerProvider
[2016-05-05 11:21:47,118][DEBUG][org.jboss.logging] Logging Provider: org.jboss.logging.Log4jLoggerProvider
[2016-05-05 11:21:48,784][INFO][com.zaxxer.hikari.HikariDataSource] HikariPool-0 - is starting.
[2016-05-05 11:21:49,142][INFO][migratus.core] Starting migrations
[2016-05-05 11:21:49,667][WARN][migratus.database] '#20160412202818-add-customers-table.up.sql#' does not appear to be a valid migration
[2016-05-05 11:21:49,786][INFO][migratus.core] Ending migrations
[2016-05-05 11:23:59,465][DEBUG][org.jboss.logging] Logging Provider: org.jboss.logging.Log4jLoggerProvider
[2016-05-05 11:24:01,906][INFO][com.zaxxer.hikari.HikariDataSource] HikariPool-0 - is starting.
[2016-05-05 11:24:02,219][INFO][migratus.core] Starting migrations
[2016-05-05 11:24:02,332][INFO][migratus.core] Ending migrations
[2016-05-05 11:26:54,149][DEBUG][org.jboss.logging] Logging Provider: org.jboss.logging.Log4jLoggerProvider
[2016-05-05 11:26:55,665][INFO][com.zaxxer.hikari.HikariDataSource] HikariPool-0 - is starting.
[2016-05-05 11:26:56,128][INFO][migratus.core] Starting migrations
[2016-05-05 11:26:56,252][INFO][migratus.core] Ending migrations
[2016-05-05 11:35:23,838][DEBUG][org.jboss.logging] Logging Provider: org.jboss.logging.Log4jLoggerProvider
[2016-05-05 11:35:25,810][INFO][com.zaxxer.hikari.HikariDataSource] HikariPool-0 - is starting.
[2016-05-05 11:35:26,785][INFO][luminus.http-server] starting HTTP server on port 3000
[2016-05-05 11:35:26,886][INFO][org.xnio] XNIO version 3.4.0.Beta1
[2016-05-05 11:35:27,064][INFO][org.xnio.nio] XNIO NIO Implementation Version 3.4.0.Beta1
[2016-05-05 11:35:27,219][INFO][org.projectodd.wunderboss.web.Web] Registered web context /
[2016-05-05 11:35:27,223][INFO][luminus.repl-server] starting nREPL server on port 7000
[2016-05-05 11:35:27,260][INFO][dotted-line.core] #'dotted-line.config/env started
[2016-05-05 11:35:27,261][INFO][dotted-line.core] #'dotted-line.db.core/*db* started
[2016-05-05 11:35:27,261][INFO][dotted-line.core] #'dotted-line.core/http-server started
[2016-05-05 11:35:27,261][INFO][dotted-line.core] #'dotted-line.core/repl-server started
[2016-05-05 11:35:27,262][INFO][dotted-line.env] 
-=[dotted-line started successfully using the development profile]=-
[2016-05-05 11:37:21,373][INFO][luminus.repl-server] nREPL server stopped
[2016-05-05 11:37:21,377][DEBUG][org.projectodd.wunderboss.WunderBoss] Returning existing component for org.projectodd.wunderboss.web.Web:-1645144552, ignoring options.
[2016-05-05 11:37:21,406][INFO][luminus.http-server] HTTP server stopped
[2016-05-05 11:37:21,408][INFO][com.zaxxer.hikari.pool.HikariPool] HikariPool-0 - is closing down.
[2016-05-05 11:37:21,428][INFO][dotted-line.core] #'dotted-line.core/repl-server stopped
[2016-05-05 11:37:21,431][INFO][dotted-line.core] #'dotted-line.core/http-server stopped
[2016-05-05 11:37:21,431][INFO][dotted-line.core] #'dotted-line.db.core/*db* stopped
[2016-05-05 11:38:09,591][DEBUG][org.jboss.logging] Logging Provider: org.jboss.logging.Log4jLoggerProvider
[2016-05-05 11:38:10,855][INFO][com.zaxxer.hikari.HikariDataSource] HikariPool-0 - is starting.
[2016-05-05 11:38:11,559][INFO][luminus.http-server] starting HTTP server on port 3000
[2016-05-05 11:38:11,653][INFO][org.xnio] XNIO version 3.4.0.Beta1
[2016-05-05 11:38:11,787][INFO][org.xnio.nio] XNIO NIO Implementation Version 3.4.0.Beta1
[2016-05-05 11:38:11,905][INFO][org.projectodd.wunderboss.web.Web] Registered web context /
[2016-05-05 11:38:11,907][INFO][luminus.repl-server] starting nREPL server on port 7000
[2016-05-05 11:38:11,951][INFO][dotted-line.core] #'dotted-line.config/env started
[2016-05-05 11:38:11,951][INFO][dotted-line.core] #'dotted-line.db.core/*db* started
[2016-05-05 11:38:11,951][INFO][dotted-line.core] #'dotted-line.core/http-server started
[2016-05-05 11:38:11,951][INFO][dotted-line.core] #'dotted-line.core/repl-server started
[2016-05-05 11:38:11,952][INFO][dotted-line.env] 
-=[dotted-line started successfully using the development profile]=-
[2016-05-05 11:54:06,942][INFO][com.zaxxer.hikari.pool.HikariPool] HikariPool-0 - is closing down.
[2016-05-05 11:54:06,957][INFO][dotted-line.core] #'dotted-line.db.core/*db* stopped
[2016-05-05 12:17:00,957][DEBUG][org.jboss.logging] Logging Provider: org.jboss.logging.Log4jLoggerProvider
[2016-05-05 12:17:02,348][INFO][com.zaxxer.hikari.HikariDataSource] HikariPool-0 - is starting.
[2016-05-05 12:17:02,994][INFO][luminus.http-server] starting HTTP server on port 3000
[2016-05-05 12:17:03,096][INFO][org.xnio] XNIO version 3.4.0.Beta1
[2016-05-05 12:17:03,257][INFO][org.xnio.nio] XNIO NIO Implementation Version 3.4.0.Beta1
[2016-05-05 12:17:03,405][INFO][org.projectodd.wunderboss.web.Web] Registered web context /
[2016-05-05 12:17:03,418][INFO][luminus.repl-server] starting nREPL server on port 7000
[2016-05-05 12:17:03,468][INFO][dotted-line.core] #'dotted-line.config/env started
[2016-05-05 12:17:03,469][INFO][dotted-line.core] #'dotted-line.db.core/*db* started
[2016-05-05 12:17:03,469][INFO][dotted-line.core] #'dotted-line.core/http-server started
[2016-05-05 12:17:03,469][INFO][dotted-line.core] #'dotted-line.core/repl-server started
[2016-05-05 12:17:03,470][INFO][dotted-line.env] 
-=[dotted-line started successfully using the development profile]=-
[2016-05-05 12:19:50,315][INFO][luminus.repl-server] nREPL server stopped
[2016-05-05 12:19:50,322][DEBUG][org.projectodd.wunderboss.WunderBoss] Returning existing component for org.projectodd.wunderboss.web.Web:-1645144552, ignoring options.
[2016-05-05 12:19:50,339][INFO][luminus.http-server] HTTP server stopped
[2016-05-05 12:19:50,340][INFO][com.zaxxer.hikari.pool.HikariPool] HikariPool-0 - is closing down.
[2016-05-05 12:19:50,352][INFO][dotted-line.core] #'dotted-line.core/repl-server stopped
[2016-05-05 12:19:50,353][INFO][dotted-line.core] #'dotted-line.core/http-server stopped
[2016-05-05 12:19:50,353][INFO][dotted-line.core] #'dotted-line.db.core/*db* stopped
[2016-05-05 12:20:25,397][DEBUG][org.jboss.logging] Logging Provider: org.jboss.logging.Log4jLoggerProvider
[2016-05-05 12:20:27,195][INFO][com.zaxxer.hikari.HikariDataSource] HikariPool-0 - is starting.
[2016-05-05 12:20:27,946][INFO][luminus.http-server] starting HTTP server on port 3000
[2016-05-05 12:20:28,101][INFO][org.xnio] XNIO version 3.4.0.Beta1
[2016-05-05 12:20:28,283][INFO][org.xnio.nio] XNIO NIO Implementation Version 3.4.0.Beta1
[2016-05-05 12:20:28,440][INFO][org.projectodd.wunderboss.web.Web] Registered web context /
[2016-05-05 12:20:28,442][INFO][luminus.repl-server] starting nREPL server on port 7000
[2016-05-05 12:20:28,481][INFO][dotted-line.core] #'dotted-line.config/env started
[2016-05-05 12:20:28,481][INFO][dotted-line.core] #'dotted-line.db.core/*db* started
[2016-05-05 12:20:28,481][INFO][dotted-line.core] #'dotted-line.core/http-server started
[2016-05-05 12:20:28,481][INFO][dotted-line.core] #'dotted-line.core/repl-server started
[2016-05-05 12:20:28,482][INFO][dotted-line.env] 
-=[dotted-line started successfully using the development profile]=-
[2016-05-05 12:22:55,837][INFO][luminus.repl-server] nREPL server stopped
[2016-05-05 12:22:55,847][DEBUG][org.projectodd.wunderboss.WunderBoss] Returning existing component for org.projectodd.wunderboss.web.Web:-1645144552, ignoring options.
[2016-05-05 12:22:55,869][INFO][luminus.http-server] HTTP server stopped
[2016-05-05 12:22:55,870][INFO][com.zaxxer.hikari.pool.HikariPool] HikariPool-0 - is closing down.
[2016-05-05 12:22:55,878][INFO][dotted-line.core] #'dotted-line.core/repl-server stopped
[2016-05-05 12:22:55,880][INFO][dotted-line.core] #'dotted-line.core/http-server stopped
[2016-05-05 12:22:55,880][INFO][dotted-line.core] #'dotted-line.db.core/*db* stopped
[2016-05-05 12:23:23,834][DEBUG][org.jboss.logging] Logging Provider: org.jboss.logging.Log4jLoggerProvider
[2016-05-05 12:23:25,188][INFO][com.zaxxer.hikari.HikariDataSource] HikariPool-0 - is starting.
[2016-05-05 12:23:25,764][INFO][luminus.http-server] starting HTTP server on port 3000
[2016-05-05 12:23:25,849][INFO][org.xnio] XNIO version 3.4.0.Beta1
[2016-05-05 12:23:25,999][INFO][org.xnio.nio] XNIO NIO Implementation Version 3.4.0.Beta1
[2016-05-05 12:23:26,108][INFO][org.projectodd.wunderboss.web.Web] Registered web context /
[2016-05-05 12:23:26,111][INFO][luminus.repl-server] starting nREPL server on port 7000
[2016-05-05 12:23:26,140][INFO][dotted-line.core] #'dotted-line.config/env started
[2016-05-05 12:23:26,140][INFO][dotted-line.core] #'dotted-line.db.core/*db* started
[2016-05-05 12:23:26,140][INFO][dotted-line.core] #'dotted-line.core/http-server started
[2016-05-05 12:23:26,141][INFO][dotted-line.core] #'dotted-line.core/repl-server started
[2016-05-05 12:23:26,142][INFO][dotted-line.env] 
-=[dotted-line started successfully using the development profile]=-
[2016-05-05 13:17:49,391][INFO][com.zaxxer.hikari.pool.HikariPool] HikariPool-0 - is closing down.
[2016-05-05 13:17:49,436][INFO][dotted-line.core] #'dotted-line.db.core/*db* stopped
[2016-05-05 14:57:53,549][DEBUG][org.jboss.logging] Logging Provider: org.jboss.logging.Log4jLoggerProvider
[2016-05-05 14:59:19,095][DEBUG][org.jboss.logging] Logging Provider: org.jboss.logging.Log4jLoggerProvider
[2016-05-05 14:59:20,680][INFO][com.zaxxer.hikari.HikariDataSource] HikariPool-0 - is starting.
[2016-05-05 14:59:21,948][INFO][luminus.http-server] starting HTTP server on port 3000
[2016-05-05 14:59:22,139][INFO][org.xnio] XNIO version 3.4.0.Beta1
[2016-05-05 14:59:22,480][INFO][org.xnio.nio] XNIO NIO Implementation Version 3.4.0.Beta1
[2016-05-05 14:59:22,708][INFO][org.projectodd.wunderboss.web.Web] Registered web context /
[2016-05-05 14:59:22,719][INFO][luminus.repl-server] starting nREPL server on port 7000
[2016-05-05 14:59:22,753][INFO][dotted-line.core] #'dotted-line.config/env started
[2016-05-05 14:59:22,753][INFO][dotted-line.core] #'dotted-line.db.core/*db* started
[2016-05-05 14:59:22,753][INFO][dotted-line.core] #'dotted-line.core/http-server started
[2016-05-05 14:59:22,753][INFO][dotted-line.core] #'dotted-line.core/repl-server started
[2016-05-05 14:59:22,755][INFO][dotted-line.env] 
-=[dotted-line started successfully using the development profile]=-
[2016-05-05 15:07:22,467][INFO][luminus.repl-server] nREPL server stopped
[2016-05-05 15:07:22,471][DEBUG][org.projectodd.wunderboss.WunderBoss] Returning existing component for org.projectodd.wunderboss.web.Web:-1645144552, ignoring options.
[2016-05-05 15:07:22,489][INFO][luminus.http-server] HTTP server stopped
[2016-05-05 15:07:22,491][INFO][com.zaxxer.hikari.pool.HikariPool] HikariPool-0 - is closing down.
[2016-05-05 15:07:22,503][INFO][dotted-line.core] #'dotted-line.core/repl-server stopped
[2016-05-05 15:07:22,504][INFO][dotted-line.core] #'dotted-line.core/http-server stopped
[2016-05-05 15:07:22,504][INFO][dotted-line.core] #'dotted-line.db.core/*db* stopped
[2016-05-11 08:51:57,903][DEBUG][org.jboss.logging] Logging Provider: org.jboss.logging.Log4jLoggerProvider
[2016-05-12 10:14:54,222][DEBUG][org.jboss.logging] Logging Provider: org.jboss.logging.Log4jLoggerProvider
[2016-05-13 15:02:25,365][DEBUG][org.jboss.logging] Logging Provider: org.jboss.logging.Log4jLoggerProvider
[2016-05-13 15:02:27,000][INFO][com.zaxxer.hikari.HikariDataSource] HikariPool-0 - is starting.
[2016-05-13 15:02:28,192][INFO][luminus.http-server] starting HTTP server on port 3000
[2016-05-13 15:02:28,418][INFO][org.xnio] XNIO version 3.4.0.Beta1
[2016-05-13 15:02:28,792][INFO][org.xnio.nio] XNIO NIO Implementation Version 3.4.0.Beta1
[2016-05-13 15:02:29,138][INFO][org.projectodd.wunderboss.web.Web] Registered web context /
[2016-05-13 15:02:29,143][INFO][luminus.repl-server] starting nREPL server on port 7000
[2016-05-13 15:02:29,212][INFO][dotted-line.core] #'dotted-line.config/env started
[2016-05-13 15:02:29,213][INFO][dotted-line.core] #'dotted-line.db.core/*db* started
[2016-05-13 15:02:29,213][INFO][dotted-line.core] #'dotted-line.core/http-server started
[2016-05-13 15:02:29,213][INFO][dotted-line.core] #'dotted-line.core/repl-server started
[2016-05-13 15:02:29,214][INFO][dotted-line.env] 
-=[dotted-line started successfully using the development profile]=-
[2016-05-13 15:04:15,284][DEBUG][org.jboss.logging] Logging Provider: org.jboss.logging.Log4jLoggerProvider
[2016-05-13 15:37:59,859][INFO][com.zaxxer.hikari.pool.HikariPool] HikariPool-0 - is closing down.
[2016-05-13 15:37:59,967][INFO][dotted-line.core] #'dotted-line.db.core/*db* stopped
[2016-05-13 15:38:45,485][DEBUG][org.jboss.logging] Logging Provider: org.jboss.logging.Log4jLoggerProvider
[2016-05-13 15:38:47,118][INFO][com.zaxxer.hikari.HikariDataSource] HikariPool-0 - is starting.
[2016-05-13 15:38:48,083][INFO][luminus.http-server] starting HTTP server on port 3000
[2016-05-13 15:38:48,268][INFO][org.xnio] XNIO version 3.4.0.Beta1
[2016-05-13 15:38:48,631][INFO][org.xnio.nio] XNIO NIO Implementation Version 3.4.0.Beta1
[2016-05-13 15:38:49,014][INFO][org.projectodd.wunderboss.web.Web] Registered web context /
[2016-05-13 15:38:49,035][INFO][luminus.repl-server] starting nREPL server on port 7000
[2016-05-13 15:38:49,100][INFO][dotted-line.core] #'dotted-line.config/env started
[2016-05-13 15:38:49,101][INFO][dotted-line.core] #'dotted-line.db.core/*db* started
[2016-05-13 15:38:49,101][INFO][dotted-line.core] #'dotted-line.core/http-server started
[2016-05-13 15:38:49,101][INFO][dotted-line.core] #'dotted-line.core/repl-server started
[2016-05-13 15:38:49,104][INFO][dotted-line.env] 
-=[dotted-line started successfully using the development profile]=-
[2016-05-13 15:47:04,688][INFO][com.zaxxer.hikari.pool.HikariPool] HikariPool-0 - is closing down.
[2016-05-13 15:47:04,696][INFO][dotted-line.core] #'dotted-line.db.core/*db* stopped
[2016-05-13 15:52:04,161][DEBUG][org.jboss.logging] Logging Provider: org.jboss.logging.Log4jLoggerProvider
[2016-05-13 15:52:06,143][INFO][com.zaxxer.hikari.HikariDataSource] HikariPool-0 - is starting.
[2016-05-13 15:52:07,123][INFO][luminus.http-server] starting HTTP server on port 3000
[2016-05-13 15:52:07,244][INFO][org.xnio] XNIO version 3.4.0.Beta1
[2016-05-13 15:52:07,402][INFO][org.xnio.nio] XNIO NIO Implementation Version 3.4.0.Beta1
[2016-05-13 15:52:07,557][INFO][org.projectodd.wunderboss.web.Web] Registered web context /
[2016-05-13 15:52:07,559][INFO][luminus.repl-server] starting nREPL server on port 7000
[2016-05-13 15:52:07,617][INFO][dotted-line.core] #'dotted-line.config/env started
[2016-05-13 15:52:07,622][INFO][dotted-line.core] #'dotted-line.db.core/*db* started
[2016-05-13 15:52:07,623][INFO][dotted-line.core] #'dotted-line.core/http-server started
[2016-05-13 15:52:07,623][INFO][dotted-line.core] #'dotted-line.core/repl-server started
[2016-05-13 15:52:07,628][INFO][dotted-line.env] 
-=[dotted-line started successfully using the development profile]=-
[2016-05-13 15:55:28,104][INFO][luminus.repl-server] nREPL server stopped
[2016-05-13 15:55:28,114][DEBUG][org.projectodd.wunderboss.WunderBoss] Returning existing component for org.projectodd.wunderboss.web.Web:-1645144552, ignoring options.
[2016-05-13 15:55:28,142][INFO][luminus.http-server] HTTP server stopped
[2016-05-13 15:55:28,144][INFO][com.zaxxer.hikari.pool.HikariPool] HikariPool-0 - is closing down.
[2016-05-13 15:55:28,152][INFO][dotted-line.core] #'dotted-line.core/repl-server stopped
[2016-05-13 15:55:28,152][INFO][dotted-line.core] #'dotted-line.core/http-server stopped
[2016-05-13 15:55:28,153][INFO][dotted-line.core] #'dotted-line.db.core/*db* stopped
